<?xml version="1.0" encoding="UTF-8"?>
<!-- Generated by org.testng.reporters.JUnitReportReporter -->
<testsuite hostname="DESKTOP-3HHJ4BG" failures="0" tests="1" name="ParameterJenkinsTest" time="2.989" errors="0" timestamp="2022-10-01T14:25:00 IDT" skipped="0">
  <testcase classname="ParameterJenkinsTest" name="test" time="2.989"/>
  <system-out/>
</testsuite> <!-- ParameterJenkinsTest -->
